Using pre-set license
Built from '2020.3/staging' branch; Version is '2020.3.26f1 (7298b473bc1a) revision 7510196'; Using compiler version '192528614'; Build Type 'Release'
OS: 'Windows 10  (10.0.19044) 64bit Core' Language: 'en' Physical Memory: 8155 MB
BatchMode: 1, IsHumanControllingUs: 0, StartBugReporterOnCrash: 0, Is64bit: 1, IsPro: 0

COMMAND LINE ARGUMENTS:
C:\Program Files\Unity\Hub\Editor\2020.3.26f1\Editor\Unity.exe
-adb2
-batchMode
-noUpm
-name
AssetImportWorker0
-projectPath
D:/Documents/Programming/Unity Projects/Tower-Defense-Unity-Game/Tower Defense + AI
-logFile
Logs/AssetImportWorker0.log
-srvPort
64959
Successfully changed project path to: D:/Documents/Programming/Unity Projects/Tower-Defense-Unity-Game/Tower Defense + AI
D:/Documents/Programming/Unity Projects/Tower-Defense-Unity-Game/Tower Defense + AI
Using Asset Import Pipeline V2.
Refreshing native plugins compatible for Editor in 74.54 ms, found 2 plugins.
Preloading 0 native plugins for Editor in 0.00 ms.
Initialize engine version: 2020.3.26f1 (7298b473bc1a)
[Subsystems] Discovering subsystems at path C:/Program Files/Unity/Hub/Editor/2020.3.26f1/Editor/Data/Resources/UnitySubsystems
[Subsystems] Discovering subsystems at path D:/Documents/Programming/Unity Projects/Tower-Defense-Unity-Game/Tower Defense + AI/Assets
GfxDevice: creating device client; threaded=0
Direct3D:
    Version:  Direct3D 11.0 [level 11.1]
    Renderer: Radeon (TM) RX 480 Graphics (ID=0x67df)
    Vendor:   
    VRAM:     4075 MB
    Driver:   30.0.13031.5001
Initialize mono
Mono path[0] = 'C:/Program Files/Unity/Hub/Editor/2020.3.26f1/Editor/Data/Managed'
Mono path[1] = 'C:/Program Files/Unity/Hub/Editor/2020.3.26f1/Editor/Data/MonoBleedingEdge/lib/mono/unityjit'
Mono config path = 'C:/Program Files/Unity/Hub/Editor/2020.3.26f1/Editor/Data/MonoBleedingEdge/etc'
Using monoOptions --debugger-agent=transport=dt_socket,embedding=1,server=y,suspend=n,address=127.0.0.1:56800
Begin MonoManager ReloadAssembly
Registering precompiled unity dll's ...
Register platform support module: C:/Program Files/Unity/Hub/Editor/2020.3.26f1/Editor/Data/PlaybackEngines/WebGLSupport/UnityEditor.WebGL.Extensions.dll
Register platform support module: C:/Program Files/Unity/Hub/Editor/2020.3.26f1/Editor/Data/PlaybackEngines/MacStandaloneSupport/UnityEditor.OSXStandalone.Extensions.dll
Register platform support module: C:/Program Files/Unity/Hub/Editor/2020.3.26f1/Editor/Data/PlaybackEngines/WindowsStandaloneSupport/UnityEditor.WindowsStandalone.Extensions.dll
Registered in 0.008844 seconds.
Native extension for WindowsStandalone target not found
Native extension for OSXStandalone target not found
Native extension for WebGL target not found
Refreshing native plugins compatible for Editor in 48.52 ms, found 2 plugins.
Preloading 0 native plugins for Editor in 0.00 ms.
Mono: successfully reloaded assembly
- Completed reload, in  0.927 seconds
Domain Reload Profiling:
	ReloadAssembly (928ms)
		BeginReloadAssembly (98ms)
			ExecutionOrderSort (0ms)
			DisableScriptedObjects (0ms)
			BackupInstance (0ms)
			ReleaseScriptingObjects (0ms)
			CreateAndSetChildDomain (1ms)
		EndReloadAssembly (722ms)
			LoadAssemblies (97ms)
			RebuildTransferFunctionScriptingTraits (0ms)
			SetupTypeCache (231ms)
			ReleaseScriptCaches (0ms)
			RebuildScriptCaches (38ms)
			SetupLoadedEditorAssemblies (235ms)
				LogAssemblyErrors (0ms)
				InitializePlatformSupportModulesInManaged (9ms)
				SetLoadedEditorAssemblies (0ms)
				RefreshPlugins (49ms)
				BeforeProcessingInitializeOnLoad (10ms)
				ProcessInitializeOnLoadAttributes (105ms)
				ProcessInitializeOnLoadMethodAttributes (61ms)
				AfterProcessingInitializeOnLoad (0ms)
				EditorAssembliesLoaded (0ms)
			ExecutionOrderSort2 (0ms)
			AwakeInstancesAfterBackupRestoration (0ms)
Platform modules already initialized, skipping
Registering precompiled user dll's ...
Registered in 0.102545 seconds.
Begin MonoManager ReloadAssembly
Native extension for WindowsStandalone target not found
Native extension for OSXStandalone target not found
Native extension for WebGL target not found
Refreshing native plugins compatible for Editor in 0.65 ms, found 2 plugins.
Preloading 0 native plugins for Editor in 0.00 ms.
Mono: successfully reloaded assembly
- Completed reload, in  3.011 seconds
Domain Reload Profiling:
	ReloadAssembly (3013ms)
		BeginReloadAssembly (208ms)
			ExecutionOrderSort (0ms)
			DisableScriptedObjects (6ms)
			BackupInstance (0ms)
			ReleaseScriptingObjects (0ms)
			CreateAndSetChildDomain (25ms)
		EndReloadAssembly (2718ms)
			LoadAssemblies (1530ms)
			RebuildTransferFunctionScriptingTraits (0ms)
			SetupTypeCache (554ms)
			ReleaseScriptCaches (0ms)
			RebuildScriptCaches (55ms)
			SetupLoadedEditorAssemblies (469ms)
				LogAssemblyErrors (0ms)
				InitializePlatformSupportModulesInManaged (15ms)
				SetLoadedEditorAssemblies (1ms)
				RefreshPlugins (1ms)
				BeforeProcessingInitializeOnLoad (84ms)
				ProcessInitializeOnLoadAttributes (340ms)
				ProcessInitializeOnLoadMethodAttributes (15ms)
				AfterProcessingInitializeOnLoad (12ms)
				EditorAssembliesLoaded (0ms)
			ExecutionOrderSort2 (0ms)
			AwakeInstancesAfterBackupRestoration (8ms)
Platform modules already initialized, skipping
========================================================================
Worker process is ready to serve import requests
Launched and connected shader compiler UnityShaderCompiler.exe after 0.28 seconds
Refreshing native plugins compatible for Editor in 1.11 ms, found 2 plugins.
Preloading 0 native plugins for Editor in 0.00 ms.
Unloading 1897 Unused Serialized files (Serialized files now loaded: 0)
System memory in use before: 85.6 MB.
System memory in use after: 85.6 MB.

Unloading 20 unused Assets to reduce memory usage. Loaded Objects now: 2333.
Total: 5.381300 ms (FindLiveObjects: 0.478400 ms CreateObjectMapping: 0.148500 ms MarkObjects: 4.627700 ms  DeleteObjects: 0.125100 ms)

AssetImportParameters requested are different than current active one (requested -> active):
  custom:framework-win-MediaFoundation: 216162199b28c13a410421893ffa2e32 -> 
  custom:video-decoder-ogg-theora: a1e56fd34408186e4bbccfd4996cb3dc -> 
  custom:container-muxer-webm: aa71ff27fc2769a1b78a27578f13a17b -> 
  custom:container-demuxer-webm: 4f35f7cbe854078d1ac9338744f61a02 -> 
  custom:container-demuxer-ogg: 62fdf1f143b41e24485cea50d1cbac27 -> 
  custom:video-encoder-webm-vp8: eb34c28f22e8b96e1ab97ce403110664 -> 
  custom:video-codec-MediaFoundation-h265: 746d11721c4dcdbdad8f713fa42b33f4 -> 
  custom:video-decoder-webm-vp8: 9c59270c3fd7afecdb556c50c9e8de78 -> 
  custom:audio-decoder-ogg-vorbis: bf7c407c2cedff20999df2af8eb42d56 -> 
  custom:audio-encoder-webm-vorbis: bf7c407c2cedff20999df2af8eb42d56 -> 
========================================================================
Received Import Request.
  path: Assets/Imports/Turret with panels.fbx
  artifactKey: Guid(a87d01e482b282e4dbe84e0f4f401efc) Importer(815301076,1909f56bfc062723c751e8b465ee728b)
Start importing Assets/Imports/Turret with panels.fbx using Guid(a87d01e482b282e4dbe84e0f4f401efc) Importer(815301076,1909f56bfc062723c751e8b465ee728b)  -> (artifact id: '37a3ff14849820126f2bae9e4bdb94f4') in 0.355649 seconds 
  Import took 0.387387 seconds .

========================================================================
Received Import Request.
  Time since last request: 6.145782 seconds.
  path: Assets/Imports/Turret.fbx
  artifactKey: Guid(69ec8bd8fcc3cca4b8d947ae6913746b) Importer(815301076,1909f56bfc062723c751e8b465ee728b)
Start importing Assets/Imports/Turret.fbx using Guid(69ec8bd8fcc3cca4b8d947ae6913746b) Importer(815301076,1909f56bfc062723c751e8b465ee728b)  -> (artifact id: 'd5959deb4282f62874fc466fd4936a03') in 0.103054 seconds 
  Import took 0.142826 seconds .

========================================================================
Received Import Request.
  Time since last request: 50.046659 seconds.
  path: Assets/Imports/Turret.fbx
  artifactKey: Guid(69ec8bd8fcc3cca4b8d947ae6913746b) Importer(815301076,1909f56bfc062723c751e8b465ee728b)
Start importing Assets/Imports/Turret.fbx using Guid(69ec8bd8fcc3cca4b8d947ae6913746b) Importer(815301076,1909f56bfc062723c751e8b465ee728b)  -> (artifact id: 'a02e119e4aa493516079f5a4823991ba') in 0.089168 seconds 
  Import took 0.146265 seconds .

========================================================================
Received Import Request.
  Time since last request: 12.040346 seconds.
  path: Assets/Imports/Turret.fbx
  artifactKey: Guid(69ec8bd8fcc3cca4b8d947ae6913746b) Importer(815301076,1909f56bfc062723c751e8b465ee728b)
Start importing Assets/Imports/Turret.fbx using Guid(69ec8bd8fcc3cca4b8d947ae6913746b) Importer(815301076,1909f56bfc062723c751e8b465ee728b)  -> (artifact id: 'eab88fc0eafd4a921b3b764140c17a93') in 0.082540 seconds 
  Import took 0.108053 seconds .

========================================================================
Received Import Request.
  Time since last request: 108.138306 seconds.
  path: Assets/Textures
  artifactKey: Guid(ad115d45936f0a0428ab75580c353fd1) Importer(815301076,1909f56bfc062723c751e8b465ee728b)
Start importing Assets/Textures using Guid(ad115d45936f0a0428ab75580c353fd1) Importer(815301076,1909f56bfc062723c751e8b465ee728b)  -> (artifact id: '4616400c329c2a1704d913763f9d2c40') in 0.003426 seconds 
  Import took 0.026625 seconds .

========================================================================
Received Import Request.
  Time since last request: 0.022272 seconds.
  path: Assets/Textures/Ground.jpg
  artifactKey: Guid(90c4f65f4fe141643b28ff556b3051a1) Importer(815301076,1909f56bfc062723c751e8b465ee728b)
Start importing Assets/Textures/Ground.jpg using Guid(90c4f65f4fe141643b28ff556b3051a1) Importer(815301076,1909f56bfc062723c751e8b465ee728b)  -> (artifact id: '7f1b342fb93e199352c183ef24d9a5c3') in 0.162889 seconds 
  Import took 0.183552 seconds .

========================================================================
Received Import Request.
  Time since last request: 0.000348 seconds.
  path: Assets/Textures/SciFi_Props-Pack03-Lights.jpg
  artifactKey: Guid(cd16a4cc2d9f60b48a24af5e90bf9000) Importer(815301076,1909f56bfc062723c751e8b465ee728b)
Start importing Assets/Textures/SciFi_Props-Pack03-Lights.jpg using Guid(cd16a4cc2d9f60b48a24af5e90bf9000) Importer(815301076,1909f56bfc062723c751e8b465ee728b)  -> (artifact id: '4d2401e7085919aa0f4935b20d51833d') in 0.059912 seconds 
  Import took 0.077768 seconds .

========================================================================
Received Import Request.
  Time since last request: 0.000328 seconds.
  path: Assets/Textures/SciFi_Props-Pack03-NormalMap.jpg
  artifactKey: Guid(2c09cd913570e9f4bacdc71368313a00) Importer(815301076,1909f56bfc062723c751e8b465ee728b)
Start importing Assets/Textures/SciFi_Props-Pack03-NormalMap.jpg using Guid(2c09cd913570e9f4bacdc71368313a00) Importer(815301076,1909f56bfc062723c751e8b465ee728b)  -> (artifact id: '5bf32ac638c14b696d678d9890933825') in 0.109991 seconds 
  Import took 0.116293 seconds .

========================================================================
Received Import Request.
  Time since last request: 0.000796 seconds.
  path: Assets/Textures/SciFi_Props-Pack03-diffuse.jpg
  artifactKey: Guid(90d6105f6579db945b53ce1b4d958c97) Importer(815301076,1909f56bfc062723c751e8b465ee728b)
Start importing Assets/Textures/SciFi_Props-Pack03-diffuse.jpg using Guid(90d6105f6579db945b53ce1b4d958c97) Importer(815301076,1909f56bfc062723c751e8b465ee728b)  -> (artifact id: '31bacd23eaf88776f03962abe23d6b85') in 0.038537 seconds 
  Import took 0.060735 seconds .

========================================================================
Received Import Request.
  Time since last request: 44.836818 seconds.
  path: Assets/Meshe
  artifactKey: Guid(c01e3737b889237439723b70ce797a1f) Importer(815301076,1909f56bfc062723c751e8b465ee728b)
Start importing Assets/Meshe using Guid(c01e3737b889237439723b70ce797a1f) Importer(815301076,1909f56bfc062723c751e8b465ee728b)  -> (artifact id: 'eb5abb70010dccc8ff2e792e82edd9d2') in 0.002948 seconds 
  Import took 0.026317 seconds .

========================================================================
Received Import Request.
  Time since last request: 0.054604 seconds.
  path: Assets/Meshe/Mars_Ground.FBX
  artifactKey: Guid(1d5ad5f403b349b4587c9c03c0afefb9) Importer(815301076,1909f56bfc062723c751e8b465ee728b)
Start importing Assets/Meshe/Mars_Ground.FBX using Guid(1d5ad5f403b349b4587c9c03c0afefb9) Importer(815301076,1909f56bfc062723c751e8b465ee728b)  -> (artifact id: '0b4ea9015eec0430be7517aa614bfe9d') in 0.265048 seconds 
  Import took 0.282852 seconds .

========================================================================
Received Import Request.
  Time since last request: 0.000446 seconds.
  path: Assets/Meshe/SciFi-Tower_Rocket Launcher.FBX
  artifactKey: Guid(01ab59fa4ffa9534fb5f4179fa50371d) Importer(815301076,1909f56bfc062723c751e8b465ee728b)
Start importing Assets/Meshe/SciFi-Tower_Rocket Launcher.FBX using Guid(01ab59fa4ffa9534fb5f4179fa50371d) Importer(815301076,1909f56bfc062723c751e8b465ee728b)  -> (artifact id: '5d208c52e8380ae9f6c20634f5f84d6a') in 0.242764 seconds 
  Import took 0.259880 seconds .

========================================================================
Received Import Request.
  Time since last request: 4.152754 seconds.
  path: Assets/Scenes
  artifactKey: Guid(5d6f71a31e1dffe49bfc82cd44230edd) Importer(815301076,1909f56bfc062723c751e8b465ee728b)
Start importing Assets/Scenes using Guid(5d6f71a31e1dffe49bfc82cd44230edd) Importer(815301076,1909f56bfc062723c751e8b465ee728b)  -> (artifact id: '61da734b502a6be5410f9a94c2fc1057') in 0.002664 seconds 
  Import took 0.023255 seconds .

========================================================================
Received Import Request.
  Time since last request: 10.733384 seconds.
  path: Assets/Sci-Fi Gun Sounds/Additional Weapon Sounds 1_1.wav
  artifactKey: Guid(f308dbf2adf8faa41aa1262cf5879231) Importer(815301076,1909f56bfc062723c751e8b465ee728b)
Start importing Assets/Sci-Fi Gun Sounds/Additional Weapon Sounds 1_1.wav using Guid(f308dbf2adf8faa41aa1262cf5879231) Importer(815301076,1909f56bfc062723c751e8b465ee728b)  -> (artifact id: '5a7bd3075d63f428422496d1702101c5') in 0.354805 seconds 
  Import took 0.378366 seconds .

========================================================================
Received Import Request.
  Time since last request: 0.000363 seconds.
  path: Assets/Sci-Fi Gun Sounds/Weapon 09 Shoot 2.wav
  artifactKey: Guid(2e99d9f6c6f85e74d84f13d9217335df) Importer(815301076,1909f56bfc062723c751e8b465ee728b)
Start importing Assets/Sci-Fi Gun Sounds/Weapon 09 Shoot 2.wav using Guid(2e99d9f6c6f85e74d84f13d9217335df) Importer(815301076,1909f56bfc062723c751e8b465ee728b)  -> (artifact id: '9e46bd1c8346dc36a66c9173b2f66f24') in 0.033420 seconds 
  Import took 0.053566 seconds .

========================================================================
Received Import Request.
  Time since last request: 0.000278 seconds.
  path: Assets/Sci-Fi Gun Sounds/Weapon 13 Foley 3.wav
  artifactKey: Guid(5ace19c434ad6fc4aa67904bb34b36bc) Importer(815301076,1909f56bfc062723c751e8b465ee728b)
Start importing Assets/Sci-Fi Gun Sounds/Weapon 13 Foley 3.wav using Guid(5ace19c434ad6fc4aa67904bb34b36bc) Importer(815301076,1909f56bfc062723c751e8b465ee728b)  -> (artifact id: '9916866a39a206911919934a26169f36') in 0.043082 seconds 
  Import took 0.068224 seconds .

========================================================================
Received Import Request.
  Time since last request: 0.000318 seconds.
  path: Assets/Sci-Fi Gun Sounds/Weapon 05 Foley 1 (Laser).wav
  artifactKey: Guid(f262b23db446bcb49bb3c81fa5b6ab9c) Importer(815301076,1909f56bfc062723c751e8b465ee728b)
Start importing Assets/Sci-Fi Gun Sounds/Weapon 05 Foley 1 (Laser).wav using Guid(f262b23db446bcb49bb3c81fa5b6ab9c) Importer(815301076,1909f56bfc062723c751e8b465ee728b)  -> (artifact id: '6e78e6f40f8b7683a9d33a5c6ea93d41') in 0.031198 seconds 
  Import took 0.054681 seconds .

========================================================================
Received Import Request.
  Time since last request: 0.000634 seconds.
  path: Assets/Sci-Fi Gun Sounds/Weapon 07 Reload 1.wav
  artifactKey: Guid(2f2e04fdf7645fc428c0cd0368781fda) Importer(815301076,1909f56bfc062723c751e8b465ee728b)
Start importing Assets/Sci-Fi Gun Sounds/Weapon 07 Reload 1.wav using Guid(2f2e04fdf7645fc428c0cd0368781fda) Importer(815301076,1909f56bfc062723c751e8b465ee728b)  -> (artifact id: 'ad90f2e4227b244c74fb667b992f7481') in 0.032505 seconds 
  Import took 0.037908 seconds .

========================================================================
Received Import Request.
  Time since last request: 0.000399 seconds.
  path: Assets/Sci-Fi Gun Sounds/Weapon 03 Shoot 1.wav
  artifactKey: Guid(e253c7b7c43577345bdf9f491b81a13b) Importer(815301076,1909f56bfc062723c751e8b465ee728b)
Start importing Assets/Sci-Fi Gun Sounds/Weapon 03 Shoot 1.wav using Guid(e253c7b7c43577345bdf9f491b81a13b) Importer(815301076,1909f56bfc062723c751e8b465ee728b)  -> (artifact id: '242caeaddde36cab69bc9cb04bb467a4') in 0.021798 seconds 
  Import took 0.027234 seconds .

========================================================================
Received Import Request.
  Time since last request: 0.000487 seconds.
  path: Assets/Sci-Fi Gun Sounds/Sci Fi Explosion 02.wav
  artifactKey: Guid(a012b6288b2e5254dbe5c854f3392328) Importer(815301076,1909f56bfc062723c751e8b465ee728b)
Start importing Assets/Sci-Fi Gun Sounds/Sci Fi Explosion 02.wav using Guid(a012b6288b2e5254dbe5c854f3392328) Importer(815301076,1909f56bfc062723c751e8b465ee728b)  -> (artifact id: '2f868bf616d339e60587f86ef995e127') in 0.028605 seconds 
  Import took 0.051263 seconds .

========================================================================
Received Import Request.
  Time since last request: 0.000262 seconds.
  path: Assets/Sci-Fi Gun Sounds/Weapon 10 Shoot 1.wav
  artifactKey: Guid(c3ad0996a57d224438ccac3adc4d3868) Importer(815301076,1909f56bfc062723c751e8b465ee728b)
Start importing Assets/Sci-Fi Gun Sounds/Weapon 10 Shoot 1.wav using Guid(c3ad0996a57d224438ccac3adc4d3868) Importer(815301076,1909f56bfc062723c751e8b465ee728b)  -> (artifact id: '0fb619c1ea9d791713cef0be7dcda9f4') in 0.034986 seconds 
  Import took 0.039171 seconds .

========================================================================
Received Import Request.
  Time since last request: 0.000352 seconds.
  path: Assets/Sci-Fi Gun Sounds/Weapon 08 Reload 1 (Laser).wav
  artifactKey: Guid(5841125a64f43c948b95b322a2f1b503) Importer(815301076,1909f56bfc062723c751e8b465ee728b)
Start importing Assets/Sci-Fi Gun Sounds/Weapon 08 Reload 1 (Laser).wav using Guid(5841125a64f43c948b95b322a2f1b503) Importer(815301076,1909f56bfc062723c751e8b465ee728b)  -> (artifact id: 'e69df83b08fe243c1969879f411c1003') in 0.043959 seconds 
  Import took 0.058905 seconds .

========================================================================
Received Import Request.
  Time since last request: 0.000388 seconds.
  path: Assets/Sci-Fi Gun Sounds/Weapon 09 Shoot 1.wav
  artifactKey: Guid(3ba9b89bf357af54c94470e14be0fd06) Importer(815301076,1909f56bfc062723c751e8b465ee728b)
Start importing Assets/Sci-Fi Gun Sounds/Weapon 09 Shoot 1.wav using Guid(3ba9b89bf357af54c94470e14be0fd06) Importer(815301076,1909f56bfc062723c751e8b465ee728b)  -> (artifact id: '2d96fc97895c7d7a5b371c39ba173566') in 0.043593 seconds 
  Import took 0.065123 seconds .

========================================================================
Received Import Request.
  Time since last request: 0.000269 seconds.
  path: Assets/Sci-Fi Gun Sounds/Weapon 15 Shoot 1.wav
  artifactKey: Guid(a21a2c9ff4e08b2488fcce1294213f2d) Importer(815301076,1909f56bfc062723c751e8b465ee728b)
Start importing Assets/Sci-Fi Gun Sounds/Weapon 15 Shoot 1.wav using Guid(a21a2c9ff4e08b2488fcce1294213f2d) Importer(815301076,1909f56bfc062723c751e8b465ee728b)  -> (artifact id: 'b9c23ba3e382824612bca1dc449855a5') in 0.037811 seconds 
  Import took 0.054021 seconds .

========================================================================
Received Import Request.
  Time since last request: 0.000287 seconds.
  path: Assets/Sci-Fi Gun Sounds/Weapon 10 Foley 1.wav
  artifactKey: Guid(e3660614f89d19a439299bc390bf6c46) Importer(815301076,1909f56bfc062723c751e8b465ee728b)
Start importing Assets/Sci-Fi Gun Sounds/Weapon 10 Foley 1.wav using Guid(e3660614f89d19a439299bc390bf6c46) Importer(815301076,1909f56bfc062723c751e8b465ee728b)  -> (artifact id: 'f9cfadc2e43f0020fa9bf25de87b28bb') in 0.027343 seconds 
  Import took 0.030877 seconds .

========================================================================
Received Import Request.
  Time since last request: 0.000290 seconds.
  path: Assets/Sci-Fi Gun Sounds/Weapon 07 Foley 1.wav
  artifactKey: Guid(1d7296b7b6ff2e64c93d439427e46295) Importer(815301076,1909f56bfc062723c751e8b465ee728b)
Start importing Assets/Sci-Fi Gun Sounds/Weapon 07 Foley 1.wav using Guid(1d7296b7b6ff2e64c93d439427e46295) Importer(815301076,1909f56bfc062723c751e8b465ee728b)  -> (artifact id: '5af35cb7ee33225ce4238676b03667a4') in 0.022748 seconds 
  Import took 0.026344 seconds .

========================================================================
Received Import Request.
  Time since last request: 0.000272 seconds.
  path: Assets/Sci-Fi Gun Sounds/Weapon 12 Stop (Laser).wav
  artifactKey: Guid(1b65e525b301c1849a43a15042a64fb7) Importer(815301076,1909f56bfc062723c751e8b465ee728b)
Start importing Assets/Sci-Fi Gun Sounds/Weapon 12 Stop (Laser).wav using Guid(1b65e525b301c1849a43a15042a64fb7) Importer(815301076,1909f56bfc062723c751e8b465ee728b)  -> (artifact id: '4de11c30dfe16e4564796d463bd6a930') in 0.050367 seconds 
  Import took 0.091994 seconds .

========================================================================
Received Import Request.
  Time since last request: 0.000414 seconds.
  path: Assets/Sci-Fi Gun Sounds/Weapon 08 Stop (Laser).wav
  artifactKey: Guid(39ec01107480317478b375f8ad856a14) Importer(815301076,1909f56bfc062723c751e8b465ee728b)
Start importing Assets/Sci-Fi Gun Sounds/Weapon 08 Stop (Laser).wav using Guid(39ec01107480317478b375f8ad856a14) Importer(815301076,1909f56bfc062723c751e8b465ee728b)  -> (artifact id: '60c8220ed40682e93cf48c1e6fcea7fe') in 0.022046 seconds 
  Import took 0.025594 seconds .

========================================================================
Received Import Request.
  Time since last request: 0.000323 seconds.
  path: Assets/Sci-Fi Gun Sounds/Weapon 09 Reload 1.wav
  artifactKey: Guid(50f63c276e7b4e246b35b6edf930fd6c) Importer(815301076,1909f56bfc062723c751e8b465ee728b)
Start importing Assets/Sci-Fi Gun Sounds/Weapon 09 Reload 1.wav using Guid(50f63c276e7b4e246b35b6edf930fd6c) Importer(815301076,1909f56bfc062723c751e8b465ee728b)  -> (artifact id: '2e1622dc91c060ac51df5ec5f61aa079') in 0.029852 seconds 
  Import took 0.035237 seconds .

========================================================================
Received Import Request.
  Time since last request: 0.000422 seconds.
  path: Assets/Sci-Fi Gun Sounds/Additional Weapon Sounds 3_1.wav
  artifactKey: Guid(e459a742675252a42b18bb3fcb9d230a) Importer(815301076,1909f56bfc062723c751e8b465ee728b)
Start importing Assets/Sci-Fi Gun Sounds/Additional Weapon Sounds 3_1.wav using Guid(e459a742675252a42b18bb3fcb9d230a) Importer(815301076,1909f56bfc062723c751e8b465ee728b)  -> (artifact id: '8061479c39331e8f1c41d8eb7ed67711') in 0.060549 seconds 
  Import took 0.065354 seconds .

========================================================================
Received Import Request.
  Time since last request: 0.000450 seconds.
  path: Assets/Sci-Fi Gun Sounds/Weapon 13 Reload 2.wav
  artifactKey: Guid(2da31579b63ec6646be099acb8fff062) Importer(815301076,1909f56bfc062723c751e8b465ee728b)
Start importing Assets/Sci-Fi Gun Sounds/Weapon 13 Reload 2.wav using Guid(2da31579b63ec6646be099acb8fff062) Importer(815301076,1909f56bfc062723c751e8b465ee728b)  -> (artifact id: 'a783b3e32357056bf6883ab0a2b2ae0c') in 0.016565 seconds 
  Import took 0.021200 seconds .

========================================================================
Received Import Request.
  Time since last request: 0.000427 seconds.
  path: Assets/Sci-Fi Gun Sounds/Weapon 13 Shoot 1.wav
  artifactKey: Guid(c416771b553c0b94182dcbb0a987e834) Importer(815301076,1909f56bfc062723c751e8b465ee728b)
Start importing Assets/Sci-Fi Gun Sounds/Weapon 13 Shoot 1.wav using Guid(c416771b553c0b94182dcbb0a987e834) Importer(815301076,1909f56bfc062723c751e8b465ee728b)  -> (artifact id: '1639c0b47025a01490775bdf9edcd77a') in 0.040492 seconds 
  Import took 0.044700 seconds .

========================================================================
Received Import Request.
  Time since last request: 0.000370 seconds.
  path: Assets/Sci-Fi Gun Sounds/Additional Weapon Sounds 5_1.wav
  artifactKey: Guid(979e9ea0a91ae184ab83e94a6ad26508) Importer(815301076,1909f56bfc062723c751e8b465ee728b)
Start importing Assets/Sci-Fi Gun Sounds/Additional Weapon Sounds 5_1.wav using Guid(979e9ea0a91ae184ab83e94a6ad26508) Importer(815301076,1909f56bfc062723c751e8b465ee728b)  -> (artifact id: '84c6a596eb197c6ca2bad405ea7c0081') in 0.081500 seconds 
  Import took 0.086364 seconds .

========================================================================
Received Import Request.
  Time since last request: 0.000365 seconds.
  path: Assets/Sci-Fi Gun Sounds/Weapon 12 Loop (Laser).wav
  artifactKey: Guid(c32b6eba19f920646896cfc13d33f3a4) Importer(815301076,1909f56bfc062723c751e8b465ee728b)
Start importing Assets/Sci-Fi Gun Sounds/Weapon 12 Loop (Laser).wav using Guid(c32b6eba19f920646896cfc13d33f3a4) Importer(815301076,1909f56bfc062723c751e8b465ee728b)  -> (artifact id: '167bd5a8e83333da49863354e40fa79f') in 0.043170 seconds 
  Import took 0.048029 seconds .

========================================================================
Received Import Request.
  Time since last request: 0.000292 seconds.
  path: Assets/Sci-Fi Gun Sounds/Additional Weapon Sounds 2_1.wav
  artifactKey: Guid(fd095724c5b2d1348903d1ee4cd3f11f) Importer(815301076,1909f56bfc062723c751e8b465ee728b)
Start importing Assets/Sci-Fi Gun Sounds/Additional Weapon Sounds 2_1.wav using Guid(fd095724c5b2d1348903d1ee4cd3f11f) Importer(815301076,1909f56bfc062723c751e8b465ee728b)  -> (artifact id: '3712d76109786782d642c161c09c22c9') in 0.020782 seconds 
  Import took 0.038600 seconds .

========================================================================
Received Import Request.
  Time since last request: 0.000280 seconds.
  path: Assets/Sci-Fi Gun Sounds/Sci Fi Explosion 03.wav
  artifactKey: Guid(fa5efaed4c4350a41baf2e3e05bb9b81) Importer(815301076,1909f56bfc062723c751e8b465ee728b)
Start importing Assets/Sci-Fi Gun Sounds/Sci Fi Explosion 03.wav using Guid(fa5efaed4c4350a41baf2e3e05bb9b81) Importer(815301076,1909f56bfc062723c751e8b465ee728b)  -> (artifact id: '6d55535b1383309ef27d9dd60dd2365f') in 0.019096 seconds 
  Import took 0.022542 seconds .

========================================================================
Received Import Request.
  Time since last request: 0.000310 seconds.
  path: Assets/Sci-Fi Gun Sounds/Laser Saber 2_1.wav
  artifactKey: Guid(363788ee9c10434419fb1e9acc17229d) Importer(815301076,1909f56bfc062723c751e8b465ee728b)
Start importing Assets/Sci-Fi Gun Sounds/Laser Saber 2_1.wav using Guid(363788ee9c10434419fb1e9acc17229d) Importer(815301076,1909f56bfc062723c751e8b465ee728b)  -> (artifact id: 'dc3fc283a550cba8aa7d1ad6d1dfd3dd') in 0.039032 seconds 
  Import took 0.042573 seconds .

========================================================================
Received Import Request.
  Time since last request: 0.000327 seconds.
  path: Assets/Sci-Fi Gun Sounds/Additional Weapon Sounds 3_2.wav
  artifactKey: Guid(142e8ceb36921c44d8a6d0c74e729e2b) Importer(815301076,1909f56bfc062723c751e8b465ee728b)
Start importing Assets/Sci-Fi Gun Sounds/Additional Weapon Sounds 3_2.wav using Guid(142e8ceb36921c44d8a6d0c74e729e2b) Importer(815301076,1909f56bfc062723c751e8b465ee728b)  -> (artifact id: 'ecfbdb1b80f750a6f2fa528424feaa0d') in 0.015100 seconds 
  Import took 0.033601 seconds .

========================================================================
Received Import Request.
  Time since last request: 0.000380 seconds.
  path: Assets/Sci-Fi Gun Sounds/Weapon 08 Foley 1 (Laser).wav
  artifactKey: Guid(7e247ef256bc7684a904183928de5214) Importer(815301076,1909f56bfc062723c751e8b465ee728b)
Start importing Assets/Sci-Fi Gun Sounds/Weapon 08 Foley 1 (Laser).wav using Guid(7e247ef256bc7684a904183928de5214) Importer(815301076,1909f56bfc062723c751e8b465ee728b)  -> (artifact id: '3dc4925763f6e131d11cc738cb355e77') in 0.025869 seconds 
  Import took 0.082185 seconds .

========================================================================
Received Import Request.
  Time since last request: 0.000516 seconds.
  path: Assets/Sci-Fi Gun Sounds/Weapon 12 Foley 2 (Laser).wav
  artifactKey: Guid(153664b098cce1a4a8b14984b9a3f385) Importer(815301076,1909f56bfc062723c751e8b465ee728b)
Start importing Assets/Sci-Fi Gun Sounds/Weapon 12 Foley 2 (Laser).wav using Guid(153664b098cce1a4a8b14984b9a3f385) Importer(815301076,1909f56bfc062723c751e8b465ee728b)  -> (artifact id: 'a1149b6dcfe62d75df653ef6d5cd4f7d') in 0.031338 seconds 
  Import took 0.035917 seconds .

========================================================================
Received Import Request.
  Time since last request: 0.000458 seconds.
  path: Assets/Sci-Fi Gun Sounds/Weapon 10 Shoot 5.wav
  artifactKey: Guid(8f914ad620a0f484a8055eac05ef3e2f) Importer(815301076,1909f56bfc062723c751e8b465ee728b)
Start importing Assets/Sci-Fi Gun Sounds/Weapon 10 Shoot 5.wav using Guid(8f914ad620a0f484a8055eac05ef3e2f) Importer(815301076,1909f56bfc062723c751e8b465ee728b)  -> (artifact id: 'c6c6430623d0120b49e26c2ea77fbee2') in 0.014347 seconds 
  Import took 0.042918 seconds .

========================================================================
Received Import Request.
  Time since last request: 0.000663 seconds.
  path: Assets/Sci-Fi Gun Sounds/Weapon 15 Foley 2.wav
  artifactKey: Guid(eeda439a292869d4dbce037028d197eb) Importer(815301076,1909f56bfc062723c751e8b465ee728b)
Start importing Assets/Sci-Fi Gun Sounds/Weapon 15 Foley 2.wav using Guid(eeda439a292869d4dbce037028d197eb) Importer(815301076,1909f56bfc062723c751e8b465ee728b)  -> (artifact id: 'f8fa4366e6cb27986283a6383878f9a4') in 0.048506 seconds 
  Import took 0.090416 seconds .

========================================================================
Received Import Request.
  Time since last request: 0.000479 seconds.
  path: Assets/Sci-Fi Gun Sounds/Weapon 15 Foley 1.wav
  artifactKey: Guid(8c8f429086be9dd40a246ea950443b6a) Importer(815301076,1909f56bfc062723c751e8b465ee728b)
Start importing Assets/Sci-Fi Gun Sounds/Weapon 15 Foley 1.wav using Guid(8c8f429086be9dd40a246ea950443b6a) Importer(815301076,1909f56bfc062723c751e8b465ee728b)  -> (artifact id: '5dba4165e9358409b9f0906c5ebc574e') in 0.024959 seconds 
  Import took 0.040064 seconds .

========================================================================
Received Import Request.
  Time since last request: 0.000398 seconds.
  path: Assets/Sci-Fi Gun Sounds/Weapon 12 Foley 1 (Laser).wav
  artifactKey: Guid(fccc2517f1f05e846acfaf890d47c696) Importer(815301076,1909f56bfc062723c751e8b465ee728b)
Start importing Assets/Sci-Fi Gun Sounds/Weapon 12 Foley 1 (Laser).wav using Guid(fccc2517f1f05e846acfaf890d47c696) Importer(815301076,1909f56bfc062723c751e8b465ee728b)  -> (artifact id: '9820813f525341e3e95afd18af3d7d9e') in 0.068213 seconds 
  Import took 0.085498 seconds .

========================================================================
Received Import Request.
  Time since last request: 0.000309 seconds.
  path: Assets/Sci-Fi Gun Sounds/Weapon 12 Load (Laser).wav
  artifactKey: Guid(803d3bdc993d7cd43a72d47363ed2029) Importer(815301076,1909f56bfc062723c751e8b465ee728b)
Start importing Assets/Sci-Fi Gun Sounds/Weapon 12 Load (Laser).wav using Guid(803d3bdc993d7cd43a72d47363ed2029) Importer(815301076,1909f56bfc062723c751e8b465ee728b)  -> (artifact id: '0b322ecc053b22dc5884448780b923cf') in 0.039219 seconds 
  Import took 0.043100 seconds .

========================================================================
Received Import Request.
  Time since last request: 0.000274 seconds.
  path: Assets/Sci-Fi Gun Sounds/Weapon 09 Reload 2.wav
  artifactKey: Guid(57b8419c447032b4b851148d20de8c6c) Importer(815301076,1909f56bfc062723c751e8b465ee728b)
Start importing Assets/Sci-Fi Gun Sounds/Weapon 09 Reload 2.wav using Guid(57b8419c447032b4b851148d20de8c6c) Importer(815301076,1909f56bfc062723c751e8b465ee728b)  -> (artifact id: 'ba7035d8e4d231c715898da25658f1ef') in 0.029579 seconds 
  Import took 0.032636 seconds .

========================================================================
Received Import Request.
  Time since last request: 0.000260 seconds.
  path: Assets/Sci-Fi Gun Sounds/Weapon 12 Reload 1 (Laser).wav
  artifactKey: Guid(02674c714f5a7964cad38e2d2dd5f12f) Importer(815301076,1909f56bfc062723c751e8b465ee728b)
Start importing Assets/Sci-Fi Gun Sounds/Weapon 12 Reload 1 (Laser).wav using Guid(02674c714f5a7964cad38e2d2dd5f12f) Importer(815301076,1909f56bfc062723c751e8b465ee728b)  -> (artifact id: '7520a942aaba12eda5cc9b095a730ecd') in 0.021173 seconds 
  Import took 0.024623 seconds .

========================================================================
Received Import Request.
  Time since last request: 0.000411 seconds.
  path: Assets/Sci-Fi Gun Sounds/Weapon 13 Foley 1.wav
  artifactKey: Guid(f2a2a5c8bdae9984ca7c611474602b47) Importer(815301076,1909f56bfc062723c751e8b465ee728b)
Start importing Assets/Sci-Fi Gun Sounds/Weapon 13 Foley 1.wav using Guid(f2a2a5c8bdae9984ca7c611474602b47) Importer(815301076,1909f56bfc062723c751e8b465ee728b)  -> (artifact id: '96ef0e7288967f474a8bf0105e31bb0f') in 0.040582 seconds 
  Import took 0.064657 seconds .

========================================================================
Received Import Request.
  Time since last request: 0.000415 seconds.
  path: Assets/Sci-Fi Gun Sounds/Weapon 05 Reload 1 (Laser).wav
  artifactKey: Guid(c83ffa15e1f9c9343bff47e47730c00c) Importer(815301076,1909f56bfc062723c751e8b465ee728b)
Start importing Assets/Sci-Fi Gun Sounds/Weapon 05 Reload 1 (Laser).wav using Guid(c83ffa15e1f9c9343bff47e47730c00c) Importer(815301076,1909f56bfc062723c751e8b465ee728b)  -> (artifact id: 'c08be821b5d4df75efe8c817117d36af') in 0.016256 seconds 
  Import took 0.024612 seconds .

========================================================================
Received Import Request.
  Time since last request: 0.000456 seconds.
  path: Assets/Sci-Fi Gun Sounds/Weapon 05 Stop (Laser).wav
  artifactKey: Guid(3a1e6efd9466d094cb7066a1851328b9) Importer(815301076,1909f56bfc062723c751e8b465ee728b)
Start importing Assets/Sci-Fi Gun Sounds/Weapon 05 Stop (Laser).wav using Guid(3a1e6efd9466d094cb7066a1851328b9) Importer(815301076,1909f56bfc062723c751e8b465ee728b)  -> (artifact id: 'cc71407e7c02f05b5e15e3fcb26dc107') in 0.039186 seconds 
  Import took 0.043321 seconds .

========================================================================
Received Import Request.
  Time since last request: 0.000333 seconds.
  path: Assets/Sci-Fi Gun Sounds/Weapon 08 Load (Laser).wav
  artifactKey: Guid(2e4b43395502fa849ad73881bd05f295) Importer(815301076,1909f56bfc062723c751e8b465ee728b)
Start importing Assets/Sci-Fi Gun Sounds/Weapon 08 Load (Laser).wav using Guid(2e4b43395502fa849ad73881bd05f295) Importer(815301076,1909f56bfc062723c751e8b465ee728b)  -> (artifact id: 'ea790cdc9152220f1c2df4e57b6da74a') in 0.031867 seconds 
  Import took 0.035955 seconds .

========================================================================
Received Import Request.
  Time since last request: 0.000517 seconds.
  path: Assets/Sci-Fi Gun Sounds/Weapon 02 Shoot 1.wav
  artifactKey: Guid(98a8371047c34964c9c6ba1702f4082e) Importer(815301076,1909f56bfc062723c751e8b465ee728b)
Start importing Assets/Sci-Fi Gun Sounds/Weapon 02 Shoot 1.wav using Guid(98a8371047c34964c9c6ba1702f4082e) Importer(815301076,1909f56bfc062723c751e8b465ee728b)  -> (artifact id: '1c7b816cfe44a034375619604f932361') in 0.029119 seconds 
  Import took 0.034749 seconds .

========================================================================
Received Import Request.
  Time since last request: 0.000608 seconds.
  path: Assets/Sci-Fi Gun Sounds/Laser Saber 1_1.wav
  artifactKey: Guid(b4b80122fe757b74c802e7597a9b649a) Importer(815301076,1909f56bfc062723c751e8b465ee728b)
Start importing Assets/Sci-Fi Gun Sounds/Laser Saber 1_1.wav using Guid(b4b80122fe757b74c802e7597a9b649a) Importer(815301076,1909f56bfc062723c751e8b465ee728b)  -> (artifact id: '486e45d2cef004232fe9657bae07ddce') in 0.021707 seconds 
  Import took 0.027819 seconds .

========================================================================
Received Import Request.
  Time since last request: 0.000534 seconds.
  path: Assets/Sci-Fi Gun Sounds/Sci Fi Explosion 01.wav
  artifactKey: Guid(928072bf8182da1488138cd39d122547) Importer(815301076,1909f56bfc062723c751e8b465ee728b)
Start importing Assets/Sci-Fi Gun Sounds/Sci Fi Explosion 01.wav using Guid(928072bf8182da1488138cd39d122547) Importer(815301076,1909f56bfc062723c751e8b465ee728b)  -> (artifact id: '08d5b1864ac1688a97db4e5e4710e923') in 0.021355 seconds 
  Import took 0.044152 seconds .

========================================================================
Received Import Request.
  Time since last request: 0.000481 seconds.
  path: Assets/Sci-Fi Gun Sounds/Additional Weapon Sounds 4_1.wav
  artifactKey: Guid(0d87a71cb3a1a474e9e15bfa2a552abd) Importer(815301076,1909f56bfc062723c751e8b465ee728b)
Start importing Assets/Sci-Fi Gun Sounds/Additional Weapon Sounds 4_1.wav using Guid(0d87a71cb3a1a474e9e15bfa2a552abd) Importer(815301076,1909f56bfc062723c751e8b465ee728b)  -> (artifact id: 'a6cd1d18e2a99e47322b792dc59342bb') in 0.022544 seconds 
  Import took 0.026819 seconds .

========================================================================
Received Import Request.
  Time since last request: 0.000293 seconds.
  path: Assets/Sci-Fi Gun Sounds/Sci Fi Explosion 05.wav
  artifactKey: Guid(92741dc3ff8f5764799adf58c2cee497) Importer(815301076,1909f56bfc062723c751e8b465ee728b)
Start importing Assets/Sci-Fi Gun Sounds/Sci Fi Explosion 05.wav using Guid(92741dc3ff8f5764799adf58c2cee497) Importer(815301076,1909f56bfc062723c751e8b465ee728b)  -> (artifact id: '71ac520b9d297ca8d232b6398ddeecd4') in 0.043175 seconds 
  Import took 0.047648 seconds .

========================================================================
Received Import Request.
  Time since last request: 0.000304 seconds.
  path: Assets/Sci-Fi Gun Sounds/Weapon 12 Reload 2 (Laser).wav
  artifactKey: Guid(b57fca57383c1104d97033d8ae4b383b) Importer(815301076,1909f56bfc062723c751e8b465ee728b)
Start importing Assets/Sci-Fi Gun Sounds/Weapon 12 Reload 2 (Laser).wav using Guid(b57fca57383c1104d97033d8ae4b383b) Importer(815301076,1909f56bfc062723c751e8b465ee728b)  -> (artifact id: '58013d4064eebe4f63606bd86223e00e') in 0.032623 seconds 
  Import took 0.044452 seconds .

========================================================================
Received Import Request.
  Time since last request: 0.000392 seconds.
  path: Assets/Sci-Fi Gun Sounds/Weapon 09 Foley 2.wav
  artifactKey: Guid(4640833d0e6e5044bb566ab6f322237f) Importer(815301076,1909f56bfc062723c751e8b465ee728b)
Start importing Assets/Sci-Fi Gun Sounds/Weapon 09 Foley 2.wav using Guid(4640833d0e6e5044bb566ab6f322237f) Importer(815301076,1909f56bfc062723c751e8b465ee728b)  -> (artifact id: '4de3198e6c3773dcddac827d08375574') in 0.021567 seconds 
  Import took 0.025018 seconds .

========================================================================
Received Import Request.
  Time since last request: 0.000389 seconds.
  path: Assets/Sci-Fi Gun Sounds/Additional Weapon Sounds 1_2.wav
  artifactKey: Guid(1c96b0cbac306f24e9e0104dda5f8a03) Importer(815301076,1909f56bfc062723c751e8b465ee728b)
Start importing Assets/Sci-Fi Gun Sounds/Additional Weapon Sounds 1_2.wav using Guid(1c96b0cbac306f24e9e0104dda5f8a03) Importer(815301076,1909f56bfc062723c751e8b465ee728b)  -> (artifact id: 'b8dfb88eef3229febbdc712fd14acfce') in 0.026942 seconds 
  Import took 0.031283 seconds .

========================================================================
Received Import Request.
  Time since last request: 0.000391 seconds.
  path: Assets/Sci-Fi Gun Sounds/Weapon 02 Foley 1.wav
  artifactKey: Guid(3b8ad9b8b996c4546bae3eef2ce8e0b7) Importer(815301076,1909f56bfc062723c751e8b465ee728b)
Start importing Assets/Sci-Fi Gun Sounds/Weapon 02 Foley 1.wav using Guid(3b8ad9b8b996c4546bae3eef2ce8e0b7) Importer(815301076,1909f56bfc062723c751e8b465ee728b)  -> (artifact id: 'ebc04b9754e898aad965e37c355f63e8') in 0.024841 seconds 
  Import took 0.028507 seconds .

========================================================================
Received Import Request.
  Time since last request: 0.000346 seconds.
  path: Assets/Sci-Fi Gun Sounds/Weapon 10 Reload 1.wav
  artifactKey: Guid(56ee26e7db9a51742a4c3f9830e21089) Importer(815301076,1909f56bfc062723c751e8b465ee728b)
Start importing Assets/Sci-Fi Gun Sounds/Weapon 10 Reload 1.wav using Guid(56ee26e7db9a51742a4c3f9830e21089) Importer(815301076,1909f56bfc062723c751e8b465ee728b)  -> (artifact id: '0224ed592b651d25d69027697cad7e25') in 0.020075 seconds 
  Import took 0.024239 seconds .

========================================================================
Received Import Request.
  Time since last request: 0.000354 seconds.
  path: Assets/Sci-Fi Gun Sounds/Additional Weapon Sounds 2_2.wav
  artifactKey: Guid(96eac3f5d1578a2488ede3801474c335) Importer(815301076,1909f56bfc062723c751e8b465ee728b)
Start importing Assets/Sci-Fi Gun Sounds/Additional Weapon Sounds 2_2.wav using Guid(96eac3f5d1578a2488ede3801474c335) Importer(815301076,1909f56bfc062723c751e8b465ee728b)  -> (artifact id: '5e67117e70478b66d5a64d093d1a0233') in 0.025686 seconds 
  Import took 0.042201 seconds .

========================================================================
Received Import Request.
  Time since last request: 0.000376 seconds.
  path: Assets/Sci-Fi Gun Sounds/Weapon 13 Reload 1.wav
  artifactKey: Guid(d7e0f645e1802aa42902550e0249e9a4) Importer(815301076,1909f56bfc062723c751e8b465ee728b)
Start importing Assets/Sci-Fi Gun Sounds/Weapon 13 Reload 1.wav using Guid(d7e0f645e1802aa42902550e0249e9a4) Importer(815301076,1909f56bfc062723c751e8b465ee728b)  -> (artifact id: '8a7dc311882ad8c110feafb061ae09a3') in 0.026989 seconds 
  Import took 0.043038 seconds .

========================================================================
Received Import Request.
  Time since last request: 0.000381 seconds.
  path: Assets/Sci-Fi Gun Sounds/Sci Fi Explosion 07.wav
  artifactKey: Guid(456f0b984c02719439d1b2423ab0758e) Importer(815301076,1909f56bfc062723c751e8b465ee728b)
Start importing Assets/Sci-Fi Gun Sounds/Sci Fi Explosion 07.wav using Guid(456f0b984c02719439d1b2423ab0758e) Importer(815301076,1909f56bfc062723c751e8b465ee728b)  -> (artifact id: '6cb8a68d341315684f2e67fb7f680760') in 0.016144 seconds 
  Import took 0.019272 seconds .

========================================================================
Received Import Request.
  Time since last request: 0.000348 seconds.
  path: Assets/Sci-Fi Gun Sounds/Weapon 13 Shoot 2.wav
  artifactKey: Guid(75706045c38ffe3479f63970acf8023a) Importer(815301076,1909f56bfc062723c751e8b465ee728b)
Start importing Assets/Sci-Fi Gun Sounds/Weapon 13 Shoot 2.wav using Guid(75706045c38ffe3479f63970acf8023a) Importer(815301076,1909f56bfc062723c751e8b465ee728b)  -> (artifact id: 'bc5d0e31bf94e6c3d55e65714f423dff') in 0.025144 seconds 
  Import took 0.028661 seconds .

========================================================================
Received Import Request.
  Time since last request: 0.000517 seconds.
  path: Assets/Sci-Fi Gun Sounds/Weapon 03 Foley 1.wav
  artifactKey: Guid(8430b91aa8aac6342af4e1e1d44ac047) Importer(815301076,1909f56bfc062723c751e8b465ee728b)
Start importing Assets/Sci-Fi Gun Sounds/Weapon 03 Foley 1.wav using Guid(8430b91aa8aac6342af4e1e1d44ac047) Importer(815301076,1909f56bfc062723c751e8b465ee728b)  -> (artifact id: 'd0172aaa972865f272a3a4dd15a48c45') in 0.025004 seconds 
  Import took 0.040532 seconds .

========================================================================
Received Import Request.
  Time since last request: 0.000374 seconds.
  path: Assets/Sci-Fi Gun Sounds/Weapon 05 Loop (Laser).wav
  artifactKey: Guid(b723fb0e47fb284408cdb6b19937eff5) Importer(815301076,1909f56bfc062723c751e8b465ee728b)
Start importing Assets/Sci-Fi Gun Sounds/Weapon 05 Loop (Laser).wav using Guid(b723fb0e47fb284408cdb6b19937eff5) Importer(815301076,1909f56bfc062723c751e8b465ee728b)  -> (artifact id: 'beacda6c2760a72ff495197747310e26') in 0.026332 seconds 
  Import took 0.029799 seconds .

========================================================================
Received Import Request.
  Time since last request: 0.000348 seconds.
  path: Assets/Sci-Fi Gun Sounds/Weapon 08 Loop (Laser).wav
  artifactKey: Guid(afa9464e7a19ac6478a91b9d48476daa) Importer(815301076,1909f56bfc062723c751e8b465ee728b)
Start importing Assets/Sci-Fi Gun Sounds/Weapon 08 Loop (Laser).wav using Guid(afa9464e7a19ac6478a91b9d48476daa) Importer(815301076,1909f56bfc062723c751e8b465ee728b)  -> (artifact id: '3affe660f6f0a19ddfc62ca7a1848b55') in 0.015920 seconds 
  Import took 0.019696 seconds .

========================================================================
Received Import Request.
  Time since last request: 0.000369 seconds.
  path: Assets/Sci-Fi Gun Sounds/Weapon 15 Reload 1.wav
  artifactKey: Guid(3236319d34e87c9429a2a90706f3b80c) Importer(815301076,1909f56bfc062723c751e8b465ee728b)
Start importing Assets/Sci-Fi Gun Sounds/Weapon 15 Reload 1.wav using Guid(3236319d34e87c9429a2a90706f3b80c) Importer(815301076,1909f56bfc062723c751e8b465ee728b)  -> (artifact id: '2b34a6c0127e62c287203c2a9f0cf00a') in 0.032071 seconds 
  Import took 0.035517 seconds .

========================================================================
Received Import Request.
  Time since last request: 0.000450 seconds.
  path: Assets/Sci-Fi Gun Sounds/Sci Fi Explosion 06.wav
  artifactKey: Guid(97e9699b18d83374397c1fef29df7196) Importer(815301076,1909f56bfc062723c751e8b465ee728b)
Start importing Assets/Sci-Fi Gun Sounds/Sci Fi Explosion 06.wav using Guid(97e9699b18d83374397c1fef29df7196) Importer(815301076,1909f56bfc062723c751e8b465ee728b)  -> (artifact id: 'e01c82444eb2ca5b7601eea1e0dcb266') in 0.015892 seconds 
  Import took 0.042234 seconds .

========================================================================
Received Import Request.
  Time since last request: 0.000281 seconds.
  path: Assets/Sci-Fi Gun Sounds/Weapon 01 Reload 1.wav
  artifactKey: Guid(f9c159555d46f024e8f6012967ae6eb0) Importer(815301076,1909f56bfc062723c751e8b465ee728b)
Start importing Assets/Sci-Fi Gun Sounds/Weapon 01 Reload 1.wav using Guid(f9c159555d46f024e8f6012967ae6eb0) Importer(815301076,1909f56bfc062723c751e8b465ee728b)  -> (artifact id: 'f625c962ce2dc37c83bb5b122d90bda3') in 0.019842 seconds 
  Import took 0.023286 seconds .

========================================================================
Received Import Request.
  Time since last request: 0.000313 seconds.
  path: Assets/Sci-Fi Gun Sounds/Weapon 13 Reload 3.wav
  artifactKey: Guid(3980c7ace02b9eb4a86faeb8be822028) Importer(815301076,1909f56bfc062723c751e8b465ee728b)
Start importing Assets/Sci-Fi Gun Sounds/Weapon 13 Reload 3.wav using Guid(3980c7ace02b9eb4a86faeb8be822028) Importer(815301076,1909f56bfc062723c751e8b465ee728b)  -> (artifact id: '65ab610caf7df9d17ba9d63b4fc8b56d') in 0.033467 seconds 
  Import took 0.036663 seconds .

========================================================================
Received Import Request.
  Time since last request: 0.000277 seconds.
  path: Assets/Sci-Fi Gun Sounds/Weapon 01 Shoot 1.wav
  artifactKey: Guid(d79bebc90492a44499144f0e882d7a8d) Importer(815301076,1909f56bfc062723c751e8b465ee728b)
Start importing Assets/Sci-Fi Gun Sounds/Weapon 01 Shoot 1.wav using Guid(d79bebc90492a44499144f0e882d7a8d) Importer(815301076,1909f56bfc062723c751e8b465ee728b)  -> (artifact id: '84e78841e6396329b9dc3f4d27b6ee2c') in 0.031790 seconds 
  Import took 0.035743 seconds .

========================================================================
Received Import Request.
  Time since last request: 0.000957 seconds.
  path: Assets/Sci-Fi Gun Sounds/Weapon 01 Foley 1.wav
  artifactKey: Guid(524c0fd33776cdb4f81f357714db25f0) Importer(815301076,1909f56bfc062723c751e8b465ee728b)
Start importing Assets/Sci-Fi Gun Sounds/Weapon 01 Foley 1.wav using Guid(524c0fd33776cdb4f81f357714db25f0) Importer(815301076,1909f56bfc062723c751e8b465ee728b)  -> (artifact id: '818f0eb057d731d72557ce86a59d130a') in 0.042439 seconds 
  Import took 0.049112 seconds .

========================================================================
Received Import Request.
  Time since last request: 0.000620 seconds.
  path: Assets/Sci-Fi Gun Sounds/Weapon 02 Reload 1.wav
  artifactKey: Guid(76468334b3757d74bad3ffbb90002407) Importer(815301076,1909f56bfc062723c751e8b465ee728b)
Start importing Assets/Sci-Fi Gun Sounds/Weapon 02 Reload 1.wav using Guid(76468334b3757d74bad3ffbb90002407) Importer(815301076,1909f56bfc062723c751e8b465ee728b)  -> (artifact id: '1ba54b859b7d540fa8d66da3c892c403') in 0.022587 seconds 
  Import took 0.028149 seconds .

========================================================================
Received Import Request.
  Time since last request: 0.000293 seconds.
  path: Assets/Sci-Fi Gun Sounds/Weapon 07 Shoot 1.wav
  artifactKey: Guid(0150f2e7ed1007748a2769dd10c72b77) Importer(815301076,1909f56bfc062723c751e8b465ee728b)
Start importing Assets/Sci-Fi Gun Sounds/Weapon 07 Shoot 1.wav using Guid(0150f2e7ed1007748a2769dd10c72b77) Importer(815301076,1909f56bfc062723c751e8b465ee728b)  -> (artifact id: '643b32129caee22c0de0c4c66a84e3a3') in 0.039487 seconds 
  Import took 0.044181 seconds .

========================================================================
Received Import Request.
  Time since last request: 0.000590 seconds.
  path: Assets/Sci-Fi Gun Sounds/Weapon 03 Reload 1.wav
  artifactKey: Guid(065aded9a1b2cef4e8adb916b919ac8d) Importer(815301076,1909f56bfc062723c751e8b465ee728b)
Start importing Assets/Sci-Fi Gun Sounds/Weapon 03 Reload 1.wav using Guid(065aded9a1b2cef4e8adb916b919ac8d) Importer(815301076,1909f56bfc062723c751e8b465ee728b)  -> (artifact id: 'd97b7197bae5b3c43ba772a2f10ede0b') in 0.021367 seconds 
  Import took 0.040314 seconds .

========================================================================
Received Import Request.
  Time since last request: 0.000272 seconds.
  path: Assets/Sci-Fi Gun Sounds/Weapon 05 Load (Laser).wav
  artifactKey: Guid(bbcdc39c548518e43836d373aa652188) Importer(815301076,1909f56bfc062723c751e8b465ee728b)
Start importing Assets/Sci-Fi Gun Sounds/Weapon 05 Load (Laser).wav using Guid(bbcdc39c548518e43836d373aa652188) Importer(815301076,1909f56bfc062723c751e8b465ee728b)  -> (artifact id: 'e7fe24405da9f7aafd93b29406b1a249') in 0.033848 seconds 
  Import took 0.061172 seconds .

========================================================================
Received Import Request.
  Time since last request: 0.000401 seconds.
  path: Assets/Sci-Fi Gun Sounds/Weapon 09 Foley 1.wav
  artifactKey: Guid(442ad402a37b93c40868f683400b8783) Importer(815301076,1909f56bfc062723c751e8b465ee728b)
Start importing Assets/Sci-Fi Gun Sounds/Weapon 09 Foley 1.wav using Guid(442ad402a37b93c40868f683400b8783) Importer(815301076,1909f56bfc062723c751e8b465ee728b)  -> (artifact id: '0165fda2bc684bba5438b0682bca0de4') in 0.034191 seconds 
  Import took 0.037944 seconds .

========================================================================
Received Import Request.
  Time since last request: 0.000440 seconds.
  path: Assets/Sci-Fi Gun Sounds/Weapon 15 Reload 2.wav
  artifactKey: Guid(3c317ca6993d847469dd98ed4df5bdcb) Importer(815301076,1909f56bfc062723c751e8b465ee728b)
Start importing Assets/Sci-Fi Gun Sounds/Weapon 15 Reload 2.wav using Guid(3c317ca6993d847469dd98ed4df5bdcb) Importer(815301076,1909f56bfc062723c751e8b465ee728b)  -> (artifact id: '48d26291cae3ea9dd47081a2e3abf793') in 0.026013 seconds 
  Import took 0.029658 seconds .

========================================================================
Received Import Request.
  Time since last request: 0.000489 seconds.
  path: Assets/Sci-Fi Gun Sounds/Weapon 13 Foley 2.wav
  artifactKey: Guid(306932e4b6652e742a41827e6befadda) Importer(815301076,1909f56bfc062723c751e8b465ee728b)
Start importing Assets/Sci-Fi Gun Sounds/Weapon 13 Foley 2.wav using Guid(306932e4b6652e742a41827e6befadda) Importer(815301076,1909f56bfc062723c751e8b465ee728b)  -> (artifact id: '2f69acbe3adae37348bdc4658daf14a9') in 0.026648 seconds 
  Import took 0.030524 seconds .

========================================================================
Received Import Request.
  Time since last request: 0.000497 seconds.
  path: Assets/Sci-Fi Gun Sounds/Sci Fi Explosion 04.wav
  artifactKey: Guid(84b187439c6fb7349a92e7f2c4748025) Importer(815301076,1909f56bfc062723c751e8b465ee728b)
Start importing Assets/Sci-Fi Gun Sounds/Sci Fi Explosion 04.wav using Guid(84b187439c6fb7349a92e7f2c4748025) Importer(815301076,1909f56bfc062723c751e8b465ee728b)  -> (artifact id: '8acdc5bc407e223d5ce5ddf3dec0b5b7') in 0.016015 seconds 
  Import took 0.020085 seconds .

========================================================================
Received Import Request.
  Time since last request: 99.929710 seconds.
  path: Assets/Imports/Turret.fbx
  artifactKey: Guid(69ec8bd8fcc3cca4b8d947ae6913746b) Importer(815301076,1909f56bfc062723c751e8b465ee728b)
Start importing Assets/Imports/Turret.fbx using Guid(69ec8bd8fcc3cca4b8d947ae6913746b) Importer(815301076,1909f56bfc062723c751e8b465ee728b)  -> (artifact id: '5a875780d448b0baaa5c51ac315483d3') in 0.058862 seconds 
  Import took 0.063633 seconds .

========================================================================
Received Import Request.
  Time since last request: 7.794818 seconds.
  path: Assets/Imports/Turret with panels.fbx
  artifactKey: Guid(a87d01e482b282e4dbe84e0f4f401efc) Importer(815301076,1909f56bfc062723c751e8b465ee728b)
Start importing Assets/Imports/Turret with panels.fbx using Guid(a87d01e482b282e4dbe84e0f4f401efc) Importer(815301076,1909f56bfc062723c751e8b465ee728b)  -> (artifact id: 'dc486afb320ae7251096a2ec755d3830') in 0.045498 seconds 
  Import took 0.050146 seconds .

========================================================================
Received Import Request.
  Time since last request: 1.564606 seconds.
  path: Assets/Imports/Materials
  artifactKey: Guid(b76a1da025bd60246b267ce02930f9bb) Importer(815301076,1909f56bfc062723c751e8b465ee728b)
Start importing Assets/Imports/Materials using Guid(b76a1da025bd60246b267ce02930f9bb) Importer(815301076,1909f56bfc062723c751e8b465ee728b)  -> (artifact id: 'd44d8f75999f97195f1862dcdd9c2c05') in 0.003019 seconds 
  Import took 0.021736 seconds .

========================================================================
Received Import Request.
  Time since last request: 0.026713 seconds.
  path: Assets/Imports/Materials/Turret_GunMetal.mat
  artifactKey: Guid(b9ef34a2f5f4d684093aba2c2d9b9819) Importer(815301076,1909f56bfc062723c751e8b465ee728b)
Start importing Assets/Imports/Materials/Turret_GunMetal.mat using Guid(b9ef34a2f5f4d684093aba2c2d9b9819) Importer(815301076,1909f56bfc062723c751e8b465ee728b)  -> (artifact id: 'c424096bff2b80ee5bcabf3e1916cf80') in 0.020374 seconds 
  Import took 0.027798 seconds .

========================================================================
Received Import Request.
  Time since last request: 0.000344 seconds.
  path: Assets/Imports/Materials/Turret_Metal.mat
  artifactKey: Guid(8d9cec41efc8c744f9982017df7aacb2) Importer(815301076,1909f56bfc062723c751e8b465ee728b)
Start importing Assets/Imports/Materials/Turret_Metal.mat using Guid(8d9cec41efc8c744f9982017df7aacb2) Importer(815301076,1909f56bfc062723c751e8b465ee728b)  -> (artifact id: '89f2b79e5cbfb5f733192399c37a1a11') in 0.010601 seconds 
  Import took 0.014391 seconds .

========================================================================
Received Import Request.
  Time since last request: 0.000406 seconds.
  path: Assets/Imports/Materials/Turret_Metal2.mat
  artifactKey: Guid(65172f1fbe65e27429cb67402307ff30) Importer(815301076,1909f56bfc062723c751e8b465ee728b)
Start importing Assets/Imports/Materials/Turret_Metal2.mat using Guid(65172f1fbe65e27429cb67402307ff30) Importer(815301076,1909f56bfc062723c751e8b465ee728b)  -> (artifact id: '00ee095ae2061a9e0a3e962c6411732f') in 0.012677 seconds 
  Import took 0.018520 seconds .

========================================================================
Received Import Request.
  Time since last request: 14.191816 seconds.
  path: Assets/Imports/Turret.fbx
  artifactKey: Guid(69ec8bd8fcc3cca4b8d947ae6913746b) Importer(815301076,1909f56bfc062723c751e8b465ee728b)
Start importing Assets/Imports/Turret.fbx using Guid(69ec8bd8fcc3cca4b8d947ae6913746b) Importer(815301076,1909f56bfc062723c751e8b465ee728b)  -> (artifact id: 'a029be14448df26d3e9978ee97ed959a') in 0.072099 seconds 
  Import took 0.076020 seconds .

========================================================================
Received Import Request.
  Time since last request: 11.286008 seconds.
  path: Assets/Imports/Turret with panels.fbx
  artifactKey: Guid(a87d01e482b282e4dbe84e0f4f401efc) Importer(815301076,1909f56bfc062723c751e8b465ee728b)
Start importing Assets/Imports/Turret with panels.fbx using Guid(a87d01e482b282e4dbe84e0f4f401efc) Importer(815301076,1909f56bfc062723c751e8b465ee728b)  -> (artifact id: '88481634aad7ca3adb40c85f060fc12b') in 0.061329 seconds 
  Import took 0.067399 seconds .

========================================================================
Received Import Request.
  Time since last request: 66.648797 seconds.
  path: Assets/Imports/Materials/Turret_Barrels.mat
  artifactKey: Guid(b9ef34a2f5f4d684093aba2c2d9b9819) Importer(815301076,1909f56bfc062723c751e8b465ee728b)
Start importing Assets/Imports/Materials/Turret_Barrels.mat using Guid(b9ef34a2f5f4d684093aba2c2d9b9819) Importer(815301076,1909f56bfc062723c751e8b465ee728b)  -> (artifact id: '80ae0c0b6224adc892783e48c587885a') in 0.027303 seconds 
  Import took 0.031235 seconds .

========================================================================
Received Import Request.
  Time since last request: 4.763074 seconds.
  path: Assets/Imports/Materials/Turret_Main.mat
  artifactKey: Guid(8d9cec41efc8c744f9982017df7aacb2) Importer(815301076,1909f56bfc062723c751e8b465ee728b)
Start importing Assets/Imports/Materials/Turret_Main.mat using Guid(8d9cec41efc8c744f9982017df7aacb2) Importer(815301076,1909f56bfc062723c751e8b465ee728b)  -> (artifact id: '6a7cc7ad388050bae743dce17c499f03') in 0.033279 seconds 
  Import took 0.060265 seconds .

========================================================================
Received Import Request.
  Time since last request: 16.226322 seconds.
  path: Assets/Imports/Materials/Turret_Secondary.mat
  artifactKey: Guid(65172f1fbe65e27429cb67402307ff30) Importer(815301076,1909f56bfc062723c751e8b465ee728b)
Start importing Assets/Imports/Materials/Turret_Secondary.mat using Guid(65172f1fbe65e27429cb67402307ff30) Importer(815301076,1909f56bfc062723c751e8b465ee728b)  -> (artifact id: '4cb38163b3826cfe333c309c8db3477b') in 0.024941 seconds 
  Import took 0.028830 seconds .

========================================================================
Received Import Request.
  Time since last request: 156.542857 seconds.
  path: Assets/Imports/Turret with panels.fbx
  artifactKey: Guid(a87d01e482b282e4dbe84e0f4f401efc) Importer(815301076,1909f56bfc062723c751e8b465ee728b)
Start importing Assets/Imports/Turret with panels.fbx using Guid(a87d01e482b282e4dbe84e0f4f401efc) Importer(815301076,1909f56bfc062723c751e8b465ee728b)  -> (artifact id: 'add7097dc1a067efc359635f1efa28ba') in 0.054943 seconds 
  Import took 0.061323 seconds .

========================================================================
Received Import Request.
  Time since last request: 4.037506 seconds.
  path: Assets/Imports/Turret.fbx
  artifactKey: Guid(69ec8bd8fcc3cca4b8d947ae6913746b) Importer(815301076,1909f56bfc062723c751e8b465ee728b)
Start importing Assets/Imports/Turret.fbx using Guid(69ec8bd8fcc3cca4b8d947ae6913746b) Importer(815301076,1909f56bfc062723c751e8b465ee728b)  -> (artifact id: '4d5787a29a967c3a0b8402d1bf0814cd') in 0.058535 seconds 
  Import took 0.062636 seconds .

========================================================================
Received Import Request.
  Time since last request: 9.675614 seconds.
  path: Assets/Imports/Turret.fbx
  artifactKey: Guid(69ec8bd8fcc3cca4b8d947ae6913746b) Importer(815301076,1909f56bfc062723c751e8b465ee728b)
Start importing Assets/Imports/Turret.fbx using Guid(69ec8bd8fcc3cca4b8d947ae6913746b) Importer(815301076,1909f56bfc062723c751e8b465ee728b)  -> (artifact id: '354a6fc4bb44785ebfbdacc660b29b0d') in 0.123683 seconds 
  Import took 0.155358 seconds .

========================================================================
Received Import Request.
  Time since last request: 3.492625 seconds.
  path: Assets/Imports/Turret with panels.fbx
  artifactKey: Guid(a87d01e482b282e4dbe84e0f4f401efc) Importer(815301076,1909f56bfc062723c751e8b465ee728b)
Start importing Assets/Imports/Turret with panels.fbx using Guid(a87d01e482b282e4dbe84e0f4f401efc) Importer(815301076,1909f56bfc062723c751e8b465ee728b)  -> (artifact id: '079094a2e5882f027d320ea436cc55e9') in 0.056234 seconds 
  Import took 0.071036 seconds .

========================================================================
Received Import Request.
  Time since last request: 3.284673 seconds.
  path: Assets/Imports/Turret with panels.fbx
  artifactKey: Guid(a87d01e482b282e4dbe84e0f4f401efc) Importer(815301076,1909f56bfc062723c751e8b465ee728b)
Start importing Assets/Imports/Turret with panels.fbx using Guid(a87d01e482b282e4dbe84e0f4f401efc) Importer(815301076,1909f56bfc062723c751e8b465ee728b)  -> (artifact id: 'be663a764dc3fb4378d4d7d72d8c6d91') in 0.057923 seconds 
  Import took 0.062985 seconds .

========================================================================
Received Import Request.
  Time since last request: 5.243007 seconds.
  path: Assets/Imports/Turret.fbx
  artifactKey: Guid(69ec8bd8fcc3cca4b8d947ae6913746b) Importer(815301076,1909f56bfc062723c751e8b465ee728b)
Start importing Assets/Imports/Turret.fbx using Guid(69ec8bd8fcc3cca4b8d947ae6913746b) Importer(815301076,1909f56bfc062723c751e8b465ee728b)  -> (artifact id: '6b4bd0986faf377d4e32f6f391cb81ed') in 0.058442 seconds 
  Import took 0.079992 seconds .

========================================================================
Received Import Request.
  Time since last request: 8.170401 seconds.
  path: Assets/Imports/Materials/Turret_GunMetal.mat
  artifactKey: Guid(35582c6923e23634e9fe126b72044771) Importer(815301076,1909f56bfc062723c751e8b465ee728b)
Start importing Assets/Imports/Materials/Turret_GunMetal.mat using Guid(35582c6923e23634e9fe126b72044771) Importer(815301076,1909f56bfc062723c751e8b465ee728b)  -> (artifact id: '72d712b2c2f30984afa2eea7ef32a9fa') in 0.010389 seconds 
  Import took 0.019966 seconds .

========================================================================
Received Import Request.
  Time since last request: 0.000540 seconds.
  path: Assets/Imports/Materials/Turret_Metal2.mat
  artifactKey: Guid(bcf44176084181c4997479446d69c41d) Importer(815301076,1909f56bfc062723c751e8b465ee728b)
Start importing Assets/Imports/Materials/Turret_Metal2.mat using Guid(bcf44176084181c4997479446d69c41d) Importer(815301076,1909f56bfc062723c751e8b465ee728b)  -> (artifact id: '6a0288a88e8e33b2cfa25b330fbc08d6') in 0.014507 seconds 
  Import took 0.028252 seconds .

========================================================================
Received Import Request.
  Time since last request: 0.000418 seconds.
  path: Assets/Imports/Materials/Turret_Metal.mat
  artifactKey: Guid(34525a63a090cdc48a7d5ac32c13dccb) Importer(815301076,1909f56bfc062723c751e8b465ee728b)
Start importing Assets/Imports/Materials/Turret_Metal.mat using Guid(34525a63a090cdc48a7d5ac32c13dccb) Importer(815301076,1909f56bfc062723c751e8b465ee728b)  -> (artifact id: 'c4e36fc7459fc2227967e1c25988a7b4') in 0.007797 seconds 
  Import took 0.012597 seconds .

========================================================================
Received Import Request.
  Time since last request: 19.849036 seconds.
  path: Assets/Imports/Materials/Scale 3 Materials
  artifactKey: Guid(15d3a5dfc7023a041b4b20bf3442e1ea) Importer(815301076,1909f56bfc062723c751e8b465ee728b)
Start importing Assets/Imports/Materials/Scale 3 Materials using Guid(15d3a5dfc7023a041b4b20bf3442e1ea) Importer(815301076,1909f56bfc062723c751e8b465ee728b)  -> (artifact id: 'fb184d8aaf324a117350f92a87ed739b') in 0.005198 seconds 
  Import took 0.012971 seconds .

========================================================================
Received Import Request.
  Time since last request: 232.837646 seconds.
  path: Assets/Imports/Materials/Scale 4 Turret
  artifactKey: Guid(a4edea37eaa1b0149a740bba670a8e9f) Importer(815301076,1909f56bfc062723c751e8b465ee728b)
Start importing Assets/Imports/Materials/Scale 4 Turret using Guid(a4edea37eaa1b0149a740bba670a8e9f) Importer(815301076,1909f56bfc062723c751e8b465ee728b)  -> (artifact id: '4a61dbded811a151dde707a61f11435c') in 0.002864 seconds 
  Import took 0.028380 seconds .

========================================================================
Received Import Request.
  Time since last request: 639.377567 seconds.
  path: Assets/Prefabs/Turret.prefab
  artifactKey: Guid(405b349b4ab02c24dacd6c076938f2c4) Importer(815301076,1909f56bfc062723c751e8b465ee728b)
Start importing Assets/Prefabs/Turret.prefab using Guid(405b349b4ab02c24dacd6c076938f2c4) Importer(815301076,1909f56bfc062723c751e8b465ee728b)  -> (artifact id: '2bc141ad03ce2da7843ba4e88fabb118') in 0.029051 seconds 
  Import took 0.036625 seconds .

========================================================================
Received Import Request.
  Time since last request: 1.689095 seconds.
  path: Assets/Prefabs/Turret with panels.prefab
  artifactKey: Guid(dff2df4daf1de98449b59a3bee904aa4) Importer(815301076,1909f56bfc062723c751e8b465ee728b)
Start importing Assets/Prefabs/Turret with panels.prefab using Guid(dff2df4daf1de98449b59a3bee904aa4) Importer(815301076,1909f56bfc062723c751e8b465ee728b)  -> (artifact id: 'f75bac8002802df2a98fa958501c2a82') in 0.025112 seconds 
  Import took 0.046690 seconds .

========================================================================
Received Import Request.
  Time since last request: 109.201406 seconds.
  path: Assets/Scripts/Turret.cs
  artifactKey: Guid(638873f31f616f142beba34d5761dde8) Importer(815301076,1909f56bfc062723c751e8b465ee728b)
Start importing Assets/Scripts/Turret.cs using Guid(638873f31f616f142beba34d5761dde8) Importer(815301076,1909f56bfc062723c751e8b465ee728b)  -> (artifact id: 'dba5e536a44ad434a8623cd3fb131bbd') in 0.009309 seconds 
  Import took 0.013364 seconds .

========================================================================
Received Prepare
Registering precompiled user dll's ...
Registered in 0.327078 seconds.
Begin MonoManager ReloadAssembly
Native extension for WindowsStandalone target not found
Native extension for OSXStandalone target not found
Native extension for WebGL target not found
Refreshing native plugins compatible for Editor in 0.43 ms, found 2 plugins.
Preloading 0 native plugins for Editor in 0.00 ms.
Mono: successfully reloaded assembly
- Completed reload, in  2.498 seconds
Domain Reload Profiling:
	ReloadAssembly (2503ms)
		BeginReloadAssembly (380ms)
			ExecutionOrderSort (0ms)
			DisableScriptedObjects (12ms)
			BackupInstance (0ms)
			ReleaseScriptingObjects (0ms)
			CreateAndSetChildDomain (159ms)
		EndReloadAssembly (2035ms)
			LoadAssemblies (1086ms)
			RebuildTransferFunctionScriptingTraits (0ms)
			SetupTypeCache (414ms)
			ReleaseScriptCaches (1ms)
			RebuildScriptCaches (49ms)
			SetupLoadedEditorAssemblies (379ms)
				LogAssemblyErrors (0ms)
				InitializePlatformSupportModulesInManaged (10ms)
				SetLoadedEditorAssemblies (1ms)
				RefreshPlugins (1ms)
				BeforeProcessingInitializeOnLoad (72ms)
				ProcessInitializeOnLoadAttributes (271ms)
				ProcessInitializeOnLoadMethodAttributes (14ms)
				AfterProcessingInitializeOnLoad (11ms)
				EditorAssembliesLoaded (0ms)
			ExecutionOrderSort2 (0ms)
			AwakeInstancesAfterBackupRestoration (7ms)
Platform modules already initialized, skipping
Refreshing native plugins compatible for Editor in 0.42 ms, found 2 plugins.
Preloading 0 native plugins for Editor in 0.00 ms.
Unloading 1869 Unused Serialized files (Serialized files now loaded: 0)
System memory in use before: 88.6 MB.
System memory in use after: 88.7 MB.

Unloading 15 unused Assets to reduce memory usage. Loaded Objects now: 2388.
Total: 3.040800 ms (FindLiveObjects: 0.153500 ms CreateObjectMapping: 0.073700 ms MarkObjects: 2.698100 ms  DeleteObjects: 0.114600 ms)

AssetImportParameters requested are different than current active one (requested -> active):
  custom:framework-win-MediaFoundation: 216162199b28c13a410421893ffa2e32 -> 
  custom:video-decoder-ogg-theora: a1e56fd34408186e4bbccfd4996cb3dc -> 
  custom:container-muxer-webm: aa71ff27fc2769a1b78a27578f13a17b -> 
  custom:container-demuxer-webm: 4f35f7cbe854078d1ac9338744f61a02 -> 
  custom:container-demuxer-ogg: 62fdf1f143b41e24485cea50d1cbac27 -> 
  custom:video-encoder-webm-vp8: eb34c28f22e8b96e1ab97ce403110664 -> 
  custom:video-codec-MediaFoundation-h265: 746d11721c4dcdbdad8f713fa42b33f4 -> 
  custom:video-decoder-webm-vp8: 9c59270c3fd7afecdb556c50c9e8de78 -> 
  custom:audio-decoder-ogg-vorbis: bf7c407c2cedff20999df2af8eb42d56 -> 
  custom:audio-encoder-webm-vorbis: bf7c407c2cedff20999df2af8eb42d56 -> 
